  FootballDataClass.cpp
C:\Users\Michael Mathy\Documents\GitHub\exxcellent\exxcellent\exxcellent\FootballDataClass.cpp(14,46): warning C4244: "Argument": Konvertierung von "_Ty" in "const _Elem", möglicher Datenverlust
          with
          [
              _Ty=float
          ]
          and
          [
              _Elem=char
          ]
C:\Users\Michael Mathy\Documents\GitHub\exxcellent\exxcellent\exxcellent\FootballDataClass.cpp(15,47): warning C4244: "=": Konvertierung von "_Ty" in "unsigned int", möglicher Datenverlust
          with
          [
              _Ty=float
          ]
C:\Users\Michael Mathy\Documents\GitHub\exxcellent\exxcellent\exxcellent\FootballDataClass.cpp(16,46): warning C4244: "=": Konvertierung von "_Ty" in "unsigned int", möglicher Datenverlust
          with
          [
              _Ty=float
          ]
C:\Users\Michael Mathy\Documents\GitHub\exxcellent\exxcellent\exxcellent\FootballDataClass.cpp(17,48): warning C4244: "=": Konvertierung von "_Ty" in "unsigned int", möglicher Datenverlust
          with
          [
              _Ty=float
          ]
C:\Users\Michael Mathy\Documents\GitHub\exxcellent\exxcellent\exxcellent\FootballDataClass.cpp(18,47): warning C4244: "=": Konvertierung von "_Ty" in "unsigned int", möglicher Datenverlust
          with
          [
              _Ty=float
          ]
C:\Users\Michael Mathy\Documents\GitHub\exxcellent\exxcellent\exxcellent\FootballDataClass.cpp(19,47): warning C4244: "=": Konvertierung von "_Ty" in "int", möglicher Datenverlust
          with
          [
              _Ty=float
          ]
C:\Users\Michael Mathy\Documents\GitHub\exxcellent\exxcellent\exxcellent\FootballDataClass.cpp(20,52): warning C4244: "=": Konvertierung von "_Ty" in "int", möglicher Datenverlust
          with
          [
              _Ty=float
          ]
C:\Users\Michael Mathy\Documents\GitHub\exxcellent\exxcellent\exxcellent\FootballDataClass.cpp(21,48): warning C4244: "=": Konvertierung von "_Ty" in "int", möglicher Datenverlust
          with
          [
              _Ty=float
          ]
  WeatherDataClass.cpp
  exxcellent.cpp
  Code wird generiert.
  110 of 447 functions (24.6%) were compiled, the rest were copied from previous compilation.
    50 functions were new in current compilation
    87 functions had inline decision re-evaluated but remain unchanged
  Codegenerierung ist abgeschlossen.
  exxcellent.vcxproj -> C:\Users\Michael Mathy\Documents\GitHub\exxcellent\exxcellent\Release\exxcellent.exe
